<?xml version="1.0" encoding="UTF-8"?>
<testsuite xmlns:xsi="http://www.w3.org/2001/XMLSchema-instance" xsi:noNamespaceSchemaLocation="https://maven.apache.org/surefire/maven-surefire-plugin/xsd/surefire-test-report.xsd" version="3.0.2" name="com.aidar.AppTest" time="0.107" tests="2" errors="0" skipped="0" failures="0">
  <properties>
[...]
</properties>
  <testcase name="shouldAnswerWithTrue" classname="com.aidar.AppTest" time="0.031">
    <system-out><![CDATA[== Patient Info ==
Name of Patient: Aidar Murat
Date of Birth: 2007.02.24
Description: Tall, Dark Skin, Skinny

== Doctor Appointment ==
Name of Patient: Aidar Murat
Name of Doctor: Ivan Dmitrievich
Date of Appointment: 2026.05.05

== Lab Report ==
Name of Patient: Aidar Murat
Submitted Sample: Blood
Lab Results: Normal

]]></system-out>
  </testcase>
  <testcase name="factoryTest" classname="com.aidar.AppTest" time="0.0"/>
</testsuite>